{"level":"error","message":"ER_FIELD_EMPTY","timestamp":"2022-04-26 16:27:09"}
{"level":"error","message":"42P01","timestamp":"2022-04-26 16:27:29"}
{"level":"error","message":"42703","timestamp":"2022-04-26 16:28:39"}
{"level":"error","message":"42703","timestamp":"2022-04-26 16:33:18"}
{"level":"error","message":"ER_FIELD_EMPTY","timestamp":"2022-04-26 16:37:04"}
{"level":"error","message":"42703","timestamp":"2022-04-26 16:37:15"}
{"level":"error","message":"42601","timestamp":"2022-04-26 16:38:10"}
{"level":"error","message":"ER_DATA_ALREADY_EXISTS","timestamp":"2022-04-26 16:53:53"}
{"level":"error","message":"ER_FIELD_EMPTY","timestamp":"2022-04-26 19:05:06"}
{"level":"error","message":"42601","timestamp":"2022-04-26 19:06:25"}
{"level":"error","message":"42601","timestamp":"2022-04-26 19:07:03"}
{"level":"error","message":"42601","timestamp":"2022-04-26 19:07:35"}
{"level":"error","message":"42601","timestamp":"2022-04-26 19:07:55"}
{"level":"error","message":"42601","timestamp":"2022-04-26 19:07:58"}
{"level":"error","message":"42601","timestamp":"2022-04-26 19:08:58"}
{"level":"error","message":"42601","timestamp":"2022-04-26 19:11:09"}
{"level":"error","message":"42601","timestamp":"2022-04-26 19:12:47"}
{"level":"error","message":"42601","timestamp":"2022-04-26 19:14:53"}
{"level":"error","message":"42601","timestamp":"2022-04-26 19:15:52"}
{"level":"error","message":"42601","timestamp":"2022-04-26 19:17:11"}
{"level":"error","message":"42703","timestamp":"2022-04-26 19:20:35"}
{"level":"error","message":"42703","timestamp":"2022-04-27 09:31:03"}
{"level":"error","message":"42703","timestamp":"2022-04-27 09:31:28"}
{"level":"error","message":"42703","timestamp":"2022-04-27 09:32:37"}
{"level":"error","message":"42703","timestamp":"2022-04-27 09:33:37"}
{"level":"error","message":"42703","timestamp":"2022-04-27 09:37:18"}
{"level":"error","message":"42703","timestamp":"2022-04-27 09:40:57"}
{"level":"error","message":"42703","timestamp":"2022-04-27 09:41:13"}
{"level":"error","message":"ER_BAD_REQUEST","timestamp":"2022-04-27 10:47:07"}
{"level":"error","message":"ER_BAD_REQUEST","timestamp":"2022-04-27 10:48:12"}
{"level":"error","message":"ER_BAD_REQUEST","timestamp":"2022-04-27 10:48:13"}
{"level":"error","message":"ER_BAD_REQUEST","timestamp":"2022-04-27 10:48:51"}
{"level":"error","message":"ER_BAD_REQUEST","timestamp":"2022-04-27 10:48:53"}
{"level":"error","message":"ER_BAD_REQUEST","timestamp":"2022-04-27 11:01:13"}
{"level":"error","message":"ER_BAD_REQUEST","timestamp":"2022-04-27 11:02:34"}
{"level":"error","message":"ER_BAD_REQUEST","timestamp":"2022-04-27 11:02:35"}
{"level":"error","message":"ER_BAD_REQUEST","timestamp":"2022-04-27 11:09:10"}
{"level":"error","message":"ER_BAD_REQUEST","timestamp":"2022-04-27 11:09:11"}
{"level":"error","message":"ER_BAD_REQUEST","timestamp":"2022-04-27 11:09:16"}
{"level":"error","message":"ER_BAD_REQUEST","timestamp":"2022-04-27 11:16:42"}
{"level":"error","message":"ER_BAD_REQUEST","timestamp":"2022-04-27 11:16:45"}
{"level":"error","message":"42703","timestamp":"2022-04-27 11:17:42"}
{"level":"error","message":"42601","timestamp":"2022-04-27 11:18:10"}
{"level":"error","message":"42601","timestamp":"2022-04-27 11:19:08"}
{"level":"error","message":"42601","timestamp":"2022-04-27 11:19:09"}
{"level":"error","message":"ER_DATA_ALREADY_EXISTS","timestamp":"2022-04-27 11:22:16"}
{"level":"error","message":"ER_FIELD_EMPTY","timestamp":"2022-04-27 12:05:54"}
{"level":"error","message":"ER_FIELD_EMPTY","timestamp":"2022-04-27 12:07:19"}
{"level":"error","message":"ER_FIELD_EMPTY","timestamp":"2022-04-27 12:07:21"}
{"level":"error","message":"ER_FIELD_EMPTY","timestamp":"2022-04-27 12:08:15"}
{"level":"error","message":"ER_FIELD_EMPTY","timestamp":"2022-04-27 12:08:16"}
{"level":"error","message":"ER_FIELD_EMPTY","timestamp":"2022-04-27 12:08:30"}
{"level":"error","message":"ER_FIELD_EMPTY","timestamp":"2022-04-27 12:08:31"}
{"level":"error","message":"ER_FIELD_EMPTY","timestamp":"2022-04-27 12:09:16"}
{"level":"error","message":"ER_FIELD_EMPTY","timestamp":"2022-04-27 12:09:17"}
{"level":"error","message":"ER_FIELD_EMPTY","timestamp":"2022-04-27 12:10:32"}
{"level":"error","message":"ER_FIELD_EMPTY","timestamp":"2022-04-27 12:10:35"}
{"level":"error","message":"42703","timestamp":"2022-04-27 12:10:59"}
{"level":"error","message":"42703","timestamp":"2022-04-27 12:12:30"}
{"level":"error","message":"42703","timestamp":"2022-04-27 12:12:31"}
{"level":"error","message":"42703","timestamp":"2022-04-27 12:13:54"}
{"level":"error","message":"42703","timestamp":"2022-04-27 12:13:55"}
{"level":"error","message":"42703","timestamp":"2022-04-27 12:18:16"}
{"level":"error","message":"42703","timestamp":"2022-04-27 12:18:18"}
{"level":"error","message":"42703","timestamp":"2022-04-27 12:18:19"}
{"level":"error","message":"42703","timestamp":"2022-04-27 12:18:21"}
{"level":"error","message":"42703","timestamp":"2022-04-27 12:18:33"}
{"level":"error","message":"42703","timestamp":"2022-04-27 12:19:37"}
{"level":"error","message":"42703","timestamp":"2022-04-27 12:35:39"}
{"level":"error","message":"42703","timestamp":"2022-04-27 12:36:12"}
{"level":"error","message":"42703","timestamp":"2022-04-27 12:36:14"}
{"level":"error","message":"42703","timestamp":"2022-04-27 12:36:39"}
{"level":"error","message":"42703","timestamp":"2022-04-27 12:39:31"}
{"level":"error","message":"42703","timestamp":"2022-04-27 12:39:33"}
{"level":"error","message":"42703","timestamp":"2022-04-27 12:58:02"}
{"level":"error","message":"42703","timestamp":"2022-04-27 12:58:04"}
